<?xml version="1.0" encoding="UTF-8" ?>
<testsuite failures="0" time="0.825" errors="0" skipped="0" tests="1" name="com.atlassian.plugin.tutorial.AssignRoleTest">
  <properties>
    <property name="java.runtime.name" value="Java(TM) SE Runtime Environment"/>
    <property name="sun.boot.library.path" value="C:\Program Files\Java\jdk1.6.0_33\jre\bin"/>
    <property name="java.vm.version" value="20.8-b03"/>
    <property name="java.vm.vendor" value="Sun Microsystems Inc."/>
    <property name="java.vendor.url" value="http://java.sun.com/"/>
    <property name="path.separator" value=";"/>
    <property name="java.vm.name" value="Java HotSpot(TM) Client VM"/>
    <property name="file.encoding.pkg" value="sun.io"/>
    <property name="user.country" value="US"/>
    <property name="sun.java.launcher" value="SUN_STANDARD"/>
    <property name="sun.os.patch.level" value="Service Pack 1"/>
    <property name="java.vm.specification.name" value="Java Virtual Machine Specification"/>
    <property name="user.dir" value="D:\Plugin Jira Fsoft\Planned time FSOFT"/>
    <property name="java.runtime.version" value="1.6.0_33-b03"/>
    <property name="java.awt.graphicsenv" value="sun.awt.Win32GraphicsEnvironment"/>
    <property name="basedir" value="D:\Plugin Jira Fsoft\Planned time FSOFT"/>
    <property name="java.endorsed.dirs" value="C:\Program Files\Java\jdk1.6.0_33\jre\lib\endorsed"/>
    <property name="os.arch" value="x86"/>
    <property name="surefire.real.class.path" value="C:\Users\thaivm\AppData\Local\Temp\surefirebooter6712936398275031425.jar"/>
    <property name="java.io.tmpdir" value="C:\Users\thaivm\AppData\Local\Temp\"/>
    <property name="line.separator" value="
"/>
    <property name="java.vm.specification.vendor" value="Sun Microsystems Inc."/>
    <property name="user.variant" value=""/>
    <property name="os.name" value="Windows 7"/>
    <property name="sun.jnu.encoding" value="Cp1252"/>
    <property name="java.library.path" value="C:\Program Files\Java\jdk1.6.0_33\jre\bin;C:\Windows\Sun\Java\bin;C:\Windows\system32;C:\Windows;C:\Windows\system32;C:\Windows;C:\Windows\System32\Wbem;C:\Windows\System32\WindowsPowerShell\v1.0\;C:\Program Files\Intel\DMIX;C:\Program Files\TortoiseSVN\bin;C:\apache-maven-3.0.4\bin;C:\Program Files\Java\jdk1.6.0_33\bin;C:\Users\thaivm\atlassian-plugin-sdk\bin;C:\Users\thaivm\atlassian-plugin-sdk\apache-maven\bin;."/>
    <property name="surefire.test.class.path" value="D:\Plugin Jira Fsoft\Planned time FSOFT\target\test-classes;D:\Plugin Jira Fsoft\Planned time FSOFT\target\classes;C:\Users\thaivm\.m2\repository\com\atlassian\gadgets\atlassian-gadgets-api\1.1.5.rc1\atlassian-gadgets-api-1.1.5.rc1.jar;C:\Users\thaivm\.m2\repository\net\sourceforge\findbugs\jsr305\1.3.2\jsr305-1.3.2.jar;C:\Users\thaivm\.m2\repository\net\jcip\jcip-annotations\1.0\jcip-annotations-1.0.jar;C:\Users\thaivm\.m2\repository\com\atlassian\gadgets\atlassian-gadgets-spi\1.1.5.rc1\atlassian-gadgets-spi-1.1.5.rc1.jar;C:\Users\thaivm\.m2\repository\com\atlassian\jira\atlassian-jira\5.2.11\atlassian-jira-5.2.11.jar;C:\Users\thaivm\.m2\repository\com\atlassian\annotations\atlassian-annotations\0.7\atlassian-annotations-0.7.jar;C:\Users\thaivm\.m2\repository\com\atlassian\ofbiz\entityengine-share\1.0.33\entityengine-share-1.0.33.jar;C:\Users\thaivm\.m2\repository\log4j\log4j\1.2.16\log4j-1.2.16.jar;C:\Users\thaivm\.m2\repository\javax\mail\mail\1.4.5\mail-1.4.5.jar;C:\Users\thaivm\.m2\repository\javax\activation\activation\1.1.1\activation-1.1.1.jar;C:\Users\thaivm\.m2\repository\xerces\xercesImpl\2.9.1\xercesImpl-2.9.1.jar;C:\Users\thaivm\.m2\repository\xml-apis\xml-apis\1.3.04\xml-apis-1.3.04.jar;C:\Users\thaivm\.m2\repository\com\atlassian\ofbiz\entityengine\1.0.33\entityengine-1.0.33.jar;C:\Users\thaivm\.m2\repository\jta\jta\1.0.1\jta-1.0.1.jar;C:\Users\thaivm\.m2\repository\commons-collections\commons-collections\3.2.1\commons-collections-3.2.1.jar;C:\Users\thaivm\.m2\repository\com\atlassian\util\concurrent\atlassian-util-concurrent\2.3.0\atlassian-util-concurrent-2.3.0.jar;C:\Users\thaivm\.m2\repository\org\weakref\jmxutils\1.8\jmxutils-1.8.jar;C:\Users\thaivm\.m2\repository\net\ju-n\commons-dbcp-jmx\commons-dbcp-jmx-jdbc4\0.2\commons-dbcp-jmx-jdbc4-0.2.jar;C:\Users\thaivm\.m2\repository\commons-dbcp\commons-dbcp\1.4\commons-dbcp-1.4.jar;C:\Users\thaivm\.m2\repository\commons-pool\commons-pool\1.5.4\commons-pool-1.5.4.jar;C:\Users\thaivm\.m2\repository\com\google\guava\guava\10.0.1\guava-10.0.1.jar;C:\Users\thaivm\.m2\repository\opensymphony\webwork\1.4-atlassian-22\webwork-1.4-atlassian-22.jar;C:\Users\thaivm\.m2\repository\webwork\pell-multipart-request\1.31.0\pell-multipart-request-1.31.0.jar;C:\Users\thaivm\.m2\repository\org\apache\lucene\lucene-core\3.2.0\lucene-core-3.2.0.jar;C:\Users\thaivm\.m2\repository\com\atlassian\core\atlassian-core\4.6.2\atlassian-core-4.6.2.jar;C:\Users\thaivm\.m2\repository\commons-lang\commons-lang\2.5\commons-lang-2.5.jar;C:\Users\thaivm\.m2\repository\opensymphony\propertyset\1.5\propertyset-1.5.jar;C:\Users\thaivm\.m2\repository\dom4j\dom4j\1.4\dom4j-1.4.jar;C:\Users\thaivm\.m2\repository\jaxen\jaxen\1.1.4\jaxen-1.1.4.jar;C:\Users\thaivm\.m2\repository\saxpath\saxpath\1.0-FCS\saxpath-1.0-FCS.jar;C:\Users\thaivm\.m2\repository\msv\msv\20020414\msv-20020414.jar;C:\Users\thaivm\.m2\repository\relaxngDatatype\relaxngDatatype\20020414\relaxngDatatype-20020414.jar;C:\Users\thaivm\.m2\repository\isorelax\isorelax\20020414\isorelax-20020414.jar;C:\Users\thaivm\.m2\repository\com\atlassian\image\atlassian-image-consumer\1.0.1\atlassian-image-consumer-1.0.1.jar;C:\Users\thaivm\.m2\repository\mockobjects\alt-jdk1.3\0.07\alt-jdk1.3-0.07.jar;C:\Users\thaivm\.m2\repository\com\atlassian\extras\atlassian-extras\2.2.2\atlassian-extras-2.2.2.jar;C:\Users\thaivm\.m2\repository\commons-codec\commons-codec\1.4\commons-codec-1.4.jar;C:\Users\thaivm\.m2\repository\com\atlassian\velocity\atlassian-velocity\1.2\atlassian-velocity-1.2.jar;C:\Users\thaivm\.m2\repository\opensymphony\oscore\2.2.7-atlassian-1\oscore-2.2.7-atlassian-1.jar;C:\Users\thaivm\.m2\repository\org\apache\velocity\velocity\1.6.4-atlassian-4\velocity-1.6.4-atlassian-4.jar;C:\Users\thaivm\.m2\repository\oro\oro\2.0.7\oro-2.0.7.jar;C:\Users\thaivm\.m2\repository\osworkflow\osworkflow\2.8.1\osworkflow-2.8.1.jar;C:\Users\thaivm\.m2\repository\com\atlassian\crowd\embedded-crowd-api\2.4.9\embedded-crowd-api-2.4.9.jar;C:\Users\thaivm\.m2\repository\com\atlassian\fugue\fugue\1.1\fugue-1.1.jar;C:\Users\thaivm\.m2\repository\org\codehaus\jackson\jackson-core-asl\1.9.1\jackson-core-asl-1.9.1.jar;C:\Users\thaivm\.m2\repository\org\codehaus\jackson\jackson-mapper-asl\1.9.1\jackson-mapper-asl-1.9.1.jar;C:\Users\thaivm\.m2\repository\com\atlassian\mail\atlassian-mail\2.5.0-m6\atlassian-mail-2.5.0-m6.jar;C:\Users\thaivm\.m2\repository\commons-beanutils\commons-beanutils\1.6.1\commons-beanutils-1.6.1.jar;C:\Users\thaivm\.m2\repository\commons-digester\commons-digester\1.4.1\commons-digester-1.4.1.jar;C:\Users\thaivm\.m2\repository\commons-io\commons-io\1.4\commons-io-1.4.jar;C:\Users\thaivm\.m2\repository\atlassian-bandana\atlassian-bandana\0.1.13\atlassian-bandana-0.1.13.jar;C:\Users\thaivm\.m2\repository\com\atlassian\applinks\applinks-api\3.10.4\applinks-api-3.10.4.jar;C:\Users\thaivm\.m2\repository\com\atlassian\plugins\atlassian-plugins-webfragment\2.13.4\atlassian-plugins-webfragment-2.13.4.jar;C:\Users\thaivm\.m2\repository\com\atlassian\plugins\atlassian-plugins-core\2.13.4\atlassian-plugins-core-2.13.4.jar;C:\Users\thaivm\.m2\repository\org\slf4j\slf4j-api\1.6.4\slf4j-api-1.6.4.jar;C:\Users\thaivm\.m2\repository\com\atlassian\event\atlassian-event\2.3.0\atlassian-event-2.3.0.jar;C:\Users\thaivm\.m2\repository\jfree\jfreechart\1.0.13\jfreechart-1.0.13.jar;C:\Users\thaivm\.m2\repository\com\atlassian\plugins\atlassian-plugins-webresource\2.13.4\atlassian-plugins-webresource-2.13.4.jar;C:\Users\thaivm\.m2\repository\jfree\jcommon\1.0.8\jcommon-1.0.8.jar;C:\Users\thaivm\.m2\repository\com\atlassian\sal\sal-api\2.1.beta4\sal-api-2.1.beta4.jar;C:\Users\thaivm\.m2\repository\com\atlassian\johnson\atlassian-johnson\1.1.2\atlassian-johnson-1.1.2.jar;C:\Users\thaivm\.m2\repository\joda-time\joda-time\2.0\joda-time-2.0.jar;C:\Users\thaivm\.m2\repository\commons-httpclient\commons-httpclient\3.0.1\commons-httpclient-3.0.1.jar;C:\Users\thaivm\.m2\repository\quartz\quartz\1.5.1\quartz-1.5.1.jar;C:\Users\thaivm\.m2\repository\com\atlassian\profiling\atlassian-profiling\1.9\atlassian-profiling-1.9.jar;C:\Users\thaivm\.m2\repository\com\atlassian\analytics\analytics-api\2.12\analytics-api-2.12.jar;C:\Users\thaivm\.m2\repository\com\atlassian\multitenant\multitenant-core\1.0.3\multitenant-core-1.0.3.jar;C:\Users\thaivm\.m2\repository\cglib\cglib-nodep\2.1_3\cglib-nodep-2.1_3.jar;C:\Users\thaivm\.m2\repository\com\atlassian\multitenant\multitenant-utils\1.0.3\multitenant-utils-1.0.3.jar;C:\Users\thaivm\.m2\repository\com\atlassian\crowd\embedded-crowd-core\2.4.9\embedded-crowd-core-2.4.9.jar;C:\Users\thaivm\.m2\repository\com\atlassian\crowd\embedded-crowd-spi\2.4.9\embedded-crowd-spi-2.4.9.jar;C:\Users\thaivm\.m2\repository\com\atlassian\crowd\crowd-api\2.4.9\crowd-api-2.4.9.jar;C:\Users\thaivm\.m2\repository\com\atlassian\crowd\crowd-integration-api\2.4.9\crowd-integration-api-2.4.9.jar;C:\Users\thaivm\.m2\repository\com\atlassian\ip\atlassian-ip\3.0\atlassian-ip-3.0.jar;C:\Users\thaivm\.m2\repository\com\atlassian\spring\atlassian-spring\2.0-rc6\atlassian-spring-2.0-rc6.jar;C:\Users\thaivm\.m2\repository\org\springframework\spring-jdbc\2.5.6.SEC02\spring-jdbc-2.5.6.SEC02.jar;C:\Users\thaivm\.m2\repository\commons-logging\commons-logging\1.1.1\commons-logging-1.1.1.jar;C:\Users\thaivm\.m2\repository\org\springframework\spring-beans\2.5.6.SEC01\spring-beans-2.5.6.SEC01.jar;C:\Users\thaivm\.m2\repository\org\springframework\spring-core\2.5.6.SEC01\spring-core-2.5.6.SEC01.jar;C:\Users\thaivm\.m2\repository\org\springframework\spring-context\2.5.6.SEC02\spring-context-2.5.6.SEC02.jar;C:\Users\thaivm\.m2\repository\aopalliance\aopalliance\1.0\aopalliance-1.0.jar;C:\Users\thaivm\.m2\repository\org\springframework\spring-web\2.0.6\spring-web-2.0.6.jar;C:\Users\thaivm\.m2\repository\com\atlassian\crowd\crowd-core\2.4.9\crowd-core-2.4.9.jar;C:\Users\thaivm\.m2\repository\com\atlassian\crowd\crowd-ldap\2.4.9\crowd-ldap-2.4.9.jar;C:\Users\thaivm\.m2\repository\com\atlassian\crowd\crowd-password-encoders\2.4.9\crowd-password-encoders-2.4.9.jar;C:\Users\thaivm\.m2\repository\com\atlassian\security\atlassian-password-encoder\3.1.4\atlassian-password-encoder-3.1.4.jar;C:\Users\thaivm\.m2\repository\org\springframework\security\spring-security-core\2.0.4\spring-security-core-2.0.4.jar;C:\Users\thaivm\.m2\repository\org\springframework\spring-aop\2.0.8\spring-aop-2.0.8.jar;C:\Users\thaivm\.m2\repository\org\springframework\spring-tx\2.5.6.SEC01\spring-tx-2.5.6.SEC01.jar;C:\Users\thaivm\.m2\repository\com\atlassian\crowd\crowd-events\2.4.9\crowd-events-2.4.9.jar;C:\Users\thaivm\.m2\repository\com\atlassian\crowd\crowd-persistence\2.4.9\crowd-persistence-2.4.9.jar;C:\Users\thaivm\.m2\repository\com\atlassian\crowd\crowd-remote\2.4.9\crowd-remote-2.4.9.jar;C:\Users\thaivm\.m2\repository\com\atlassian\crowd\crowd-integration-client-rest\2.4.9\crowd-integration-client-rest-2.4.9.jar;C:\Users\thaivm\.m2\repository\com\atlassian\crowd\crowd-integration-client-common\2.4.9\crowd-integration-client-common-2.4.9.jar;C:\Users\thaivm\.m2\repository\com\atlassian\security\atlassian-cookie-tools\3.1.4\atlassian-cookie-tools-3.1.4.jar;C:\Users\thaivm\.m2\repository\org\springframework\ldap\spring-ldap-core\1.3.0.RELEASE\spring-ldap-core-1.3.0.RELEASE.jar;C:\Users\thaivm\.m2\repository\org\springframework\spring-context-support\2.5.6.SEC02\spring-context-support-2.5.6.SEC02.jar;C:\Users\thaivm\.m2\repository\net\sf\ehcache\ehcache\1.2.3\ehcache-1.2.3.jar;C:\Users\thaivm\.m2\repository\com\atlassian\security\atlassian-secure-random\3.1.4\atlassian-secure-random-3.1.4.jar;C:\Users\thaivm\.m2\repository\javax\servlet\servlet-api\2.3\servlet-api-2.3.jar;C:\Users\thaivm\.m2\repository\com\atlassian\crowd\crowd-server-common\2.4.9\crowd-server-common-2.4.9.jar;C:\Users\thaivm\.m2\repository\org\antlr\antlr-runtime\3.1.3\antlr-runtime-3.1.3.jar;C:\Users\thaivm\.m2\repository\antlr\antlr\2.7.2\antlr-2.7.2.jar;C:\Users\thaivm\.m2\repository\com\atlassian\crowd\crowd-integration-seraph25\2.4.9\crowd-integration-seraph25-2.4.9.jar;C:\Users\thaivm\.m2\repository\wsdl4j\wsdl4j\1.6.1\wsdl4j-1.6.1.jar;C:\Users\thaivm\.m2\repository\org\codehaus\xfire\xfire-core\1.2.6\xfire-core-1.2.6.jar;C:\Users\thaivm\.m2\repository\org\codehaus\woodstox\wstx-asl\3.2.4\wstx-asl-3.2.4.jar;C:\Users\thaivm\.m2\repository\jdom\jdom\1.0\jdom-1.0.jar;C:\Users\thaivm\.m2\repository\org\codehaus\xfire\xfire-aegis\1.2.6\xfire-aegis-1.2.6.jar;C:\Users\thaivm\.m2\repository\com\atlassian\soy\soy-template-renderer-api\1.1.3\soy-template-renderer-api-1.1.3.jar;C:\Users\thaivm\.m2\repository\com\atlassian\sal\sal-spi\2.8.0-m2\sal-spi-2.8.0-m2.jar;C:\Users\thaivm\.m2\repository\com\atlassian\aui\auiplugin-spi\5.0-m10\auiplugin-spi-5.0-m10.jar;C:\Users\thaivm\.m2\repository\com\atlassian\oauth\atlassian-oauth-api\1.6.1\atlassian-oauth-api-1.6.1.jar;C:\Users\thaivm\.m2\repository\com\atlassian\p4package\atlassian-p4package\2007.12.14\atlassian-p4package-2007.12.14.jar;C:\Users\thaivm\.m2\repository\com\atlassian\cache\atlassian-cache-api\1.0\atlassian-cache-api-1.0.jar;C:\Users\thaivm\.m2\repository\com\atlassian\cache\atlassian-cache-memory\1.0\atlassian-cache-memory-1.0.jar;C:\Users\thaivm\.m2\repository\com\atlassian\config\atlassian-config\0.15\atlassian-config-0.15.jar;C:\Users\thaivm\.m2\repository\com\sun\jai_core\1.1.3\jai_core-1.1.3.jar;C:\Users\thaivm\.m2\repository\com\sun\jai_codec\1.1.3\jai_codec-1.1.3.jar;C:\Users\thaivm\.m2\repository\com\atlassian\activeobjects\activeobjects-spi\0.19.16\activeobjects-spi-0.19.16.jar;C:\Users\thaivm\.m2\repository\com\atlassian\instrumentation\atlassian-instrumentation-core\1.7.1\atlassian-instrumentation-core-1.7.1.jar;C:\Users\thaivm\.m2\repository\org\slf4j\slf4j-log4j12\1.6.4\slf4j-log4j12-1.6.4.jar;C:\Users\thaivm\.m2\repository\org\slf4j\jul-to-slf4j\1.6.4\jul-to-slf4j-1.6.4.jar;C:\Users\thaivm\.m2\repository\org\slf4j\jcl-over-slf4j\1.6.4\jcl-over-slf4j-1.6.4.jar;C:\Users\thaivm\.m2\repository\atlassian-logging\atlassian-logging\1.1\atlassian-logging-1.1.jar;C:\Users\thaivm\.m2\repository\com\atlassian\jdk\utilities\atlassian-jdk-utilities\0.4\atlassian-jdk-utilities-0.4.jar;C:\Users\thaivm\.m2\repository\com\atlassian\scheduler\atlassian-scheduler\0.14\atlassian-scheduler-0.14.jar;C:\Users\thaivm\.m2\repository\com\atlassian\plugins\atlassian-plugins-servlet\2.13.4\atlassian-plugins-servlet-2.13.4.jar;C:\Users\thaivm\.m2\repository\com\atlassian\plugins\atlassian-plugins-osgi\2.13.4\atlassian-plugins-osgi-2.13.4.jar;C:\Users\thaivm\.m2\repository\com\atlassian\plugins\atlassian-plugins-osgi-events\2.13.4\atlassian-plugins-osgi-events-2.13.4.jar;C:\Users\thaivm\.m2\repository\biz\aQute\bndlib\1.43.0-atlassian-1\bndlib-1.43.0-atlassian-1.jar;C:\Users\thaivm\.m2\repository\org\apache\felix\org.apache.felix.framework\3.0.2\org.apache.felix.framework-3.0.2.jar;C:\Users\thaivm\.m2\repository\org\twdata\pkgscanner\package-scanner\0.9.5\package-scanner-0.9.5.jar;C:\Users\thaivm\.m2\repository\com\atlassian\plugins\atlassian-plugins-eventlistener\2.13.4\atlassian-plugins-eventlistener-2.13.4.jar;C:\Users\thaivm\.m2\repository\com\atlassian\seraph\atlassian-seraph\2.6.0\atlassian-seraph-2.6.0.jar;C:\Users\thaivm\.m2\repository\com\atlassian\security\auth\trustedapps\atlassian-trusted-apps-core\2.5.2\atlassian-trusted-apps-core-2.5.2.jar;C:\Users\thaivm\.m2\repository\bouncycastle\bcprov-jdk14\138\bcprov-jdk14-138.jar;C:\Users\thaivm\.m2\repository\com\atlassian\security\auth\trustedapps\atlassian-trusted-apps-seraph-integration\2.5.2\atlassian-trusted-apps-seraph-integration-2.5.2.jar;C:\Users\thaivm\.m2\repository\bouncycastle\bcprov-jdk15\140\bcprov-jdk15-140.jar;C:\Users\thaivm\.m2\repository\com\atlassian\renderer\atlassian-renderer\8.0.1\atlassian-renderer-8.0.1.jar;C:\Users\thaivm\.m2\repository\radeox\radeox\1.0b2-forked-22Apr2004\radeox-1.0b2-forked-22Apr2004.jar;C:\Users\thaivm\.m2\repository\com\atlassian\gzipfilter\atlassian-gzipfilter\1.11\atlassian-gzipfilter-1.11.jar;C:\Users\thaivm\.m2\repository\opensymphony\sitemesh\2.5-atlassian-3\sitemesh-2.5-atlassian-3.jar;C:\Users\thaivm\.m2\repository\commons-configuration\commons-configuration\1.0\commons-configuration-1.0.jar;C:\Users\thaivm\.m2\repository\org\apache\lucene\lucene-analyzers\3.2.0\lucene-analyzers-3.2.0.jar;C:\Users\thaivm\.m2\repository\org\apache\velocity\velocity-tools\1.3\velocity-tools-1.3.jar;C:\Users\thaivm\.m2\repository\commons-validator\commons-validator\1.4.0\commons-validator-1.4.0.jar;C:\Users\thaivm\.m2\repository\sslext\sslext\1.2-0\sslext-1.2-0.jar;C:\Users\thaivm\.m2\repository\struts\struts\1.2.9\struts-1.2.9.jar;C:\Users\thaivm\.m2\repository\commons-fileupload\commons-fileupload\1.2.1\commons-fileupload-1.2.1.jar;C:\Users\thaivm\.m2\repository\xalan\xalan\2.7.0\xalan-2.7.0.jar;C:\Users\thaivm\.m2\repository\velocity\velocity\1.4\velocity-1.4.jar;C:\Users\thaivm\.m2\repository\velocity\velocity-dep\1.4\velocity-dep-1.4.jar;C:\Users\thaivm\.m2\repository\com\atlassian\velocity\htmlsafe\velocity-htmlsafe\1.1.1\velocity-htmlsafe-1.1.1.jar;C:\Users\thaivm\.m2\repository\org\apache\commons\commons-lang3\3.1\commons-lang3-3.1.jar;C:\Users\thaivm\.m2\repository\glue\glue\5.0b2\glue-5.0b2.jar;C:\Users\thaivm\.m2\repository\bsf\bsf\2.2\bsf-2.2.jar;C:\Users\thaivm\.m2\repository\bsh\bsh\1.2b7\bsh-1.2b7.jar;C:\Users\thaivm\.m2\repository\csv\csv\20\csv-20.jar;C:\Users\thaivm\.m2\repository\picocontainer\picocontainer\1.0\picocontainer-1.0.jar;C:\Users\thaivm\.m2\repository\jzlib\jzlib\1.0.5\jzlib-1.0.5.jar;C:\Users\thaivm\.m2\repository\jsch\jsch\0.1.23\jsch-0.1.23.jar;C:\Users\thaivm\.m2\repository\com\octo\captcha\jcaptcha\2.0-alpha-1\jcaptcha-2.0-alpha-1.jar;C:\Users\thaivm\.m2\repository\com\octo\captcha\jcaptcha-api\2.0-alpha-1\jcaptcha-api-2.0-alpha-1.jar;C:\Users\thaivm\.m2\repository\com\jhlabs\filters\2.0.235\filters-2.0.235.jar;C:\Users\thaivm\.m2\repository\javacvs\javacvs\2007-04-04-patched\javacvs-2007-04-04-patched.jar;C:\Users\thaivm\.m2\repository\statcvs\statcvs\20060222-patched\statcvs-20060222-patched.jar;C:\Users\thaivm\.m2\repository\hsqldb\hsqldb\1.8.0.5\hsqldb-1.8.0.5.jar;C:\Users\thaivm\.m2\repository\jndi\jndi\1.2.1\jndi-1.2.1.jar;C:\Users\thaivm\.m2\repository\ots-jts\ots-jts\1.0\ots-jts-1.0.jar;C:\Users\thaivm\.m2\repository\jotm\jotm\1.4.3\jotm-1.4.3.jar;C:\Users\thaivm\.m2\repository\jotm\jotm-jrmp_stubs\1.4.3\jotm-jrmp_stubs-1.4.3.jar;C:\Users\thaivm\.m2\repository\jotm\jotm-iiop_stubs\1.4.3\jotm-iiop_stubs-1.4.3.jar;C:\Users\thaivm\.m2\repository\jotm\jonas_timer\1.4.3\jonas_timer-1.4.3.jar;C:\Users\thaivm\.m2\repository\jotm\objectweb-datasource\1.4.3\objectweb-datasource-1.4.3.jar;C:\Users\thaivm\.m2\repository\carol\carol\1.5.2\carol-1.5.2.jar;C:\Users\thaivm\.m2\repository\carol\carol-properties\1.5.2\carol-properties-1.5.2.jar;C:\Users\thaivm\.m2\repository\xapool\xapool\1.3.1\xapool-1.3.1.jar;C:\Users\thaivm\.m2\repository\commons-jelly\commons-jelly\1.0\commons-jelly-1.0.jar;C:\Users\thaivm\.m2\repository\commons-jelly\commons-jelly-tags-junit\1.0\commons-jelly-tags-junit-1.0.jar;C:\Users\thaivm\.m2\repository\commons-jelly\commons-jelly-tags-util\1.1.1\commons-jelly-tags-util-1.1.1.jar;C:\Users\thaivm\.m2\repository\commons-jelly\commons-jelly-tags-email\1.0\commons-jelly-tags-email-1.0.jar;C:\Users\thaivm\.m2\repository\commons-jelly\commons-jelly-tags-log\1.0\commons-jelly-tags-log-1.0.jar;C:\Users\thaivm\.m2\repository\commons-jelly\commons-jelly-tags-http\1.0\commons-jelly-tags-http-1.0.jar;C:\Users\thaivm\.m2\repository\commons-jelly\commons-jelly-tags-soap\1.0\commons-jelly-tags-soap-1.0.jar;C:\Users\thaivm\.m2\repository\commons-jelly\commons-jelly-tags-sql\1.0\commons-jelly-tags-sql-1.0.jar;C:\Users\thaivm\.m2\repository\commons-jelly\commons-jelly-tags-regexp\1.0\commons-jelly-tags-regexp-1.0.jar;C:\Users\thaivm\.m2\repository\commons-jexl\commons-jexl\1.1\commons-jexl-1.1.jar;C:\Users\thaivm\.m2\repository\org\apache\commons\commons-compress\1.4\commons-compress-1.4.jar;C:\Users\thaivm\.m2\repository\org\tukaani\xz\1.0\xz-1.0.jar;C:\Users\thaivm\.m2\repository\xmlrpc\xmlrpc\2.0\xmlrpc-2.0.jar;C:\Users\thaivm\.m2\repository\axis\axis\1.3-atlassian-1\axis-1.3-atlassian-1.jar;C:\Users\thaivm\.m2\repository\axis\axis-jaxrpc\1.3\axis-jaxrpc-1.3.jar;C:\Users\thaivm\.m2\repository\axis\axis-saaj\1.3\axis-saaj-1.3.jar;C:\Users\thaivm\.m2\repository\commons-discovery\commons-discovery\0.2\commons-discovery-0.2.jar;C:\Users\thaivm\.m2\repository\xml-security\xmlsec\1.1.0\xmlsec-1.1.0.jar;C:\Users\thaivm\.m2\repository\com\atlassian\security\atlassian-secure-xml\3.0\atlassian-secure-xml-3.0.jar;C:\Users\thaivm\.m2\repository\datafile\datafile\1.3.3\datafile-1.3.3.jar;C:\Users\thaivm\.m2\repository\xpp3\xpp3\1.1.3.4-RC8\xpp3-1.1.3.4-RC8.jar;C:\Users\thaivm\.m2\repository\com\thoughtworks\xstream\xstream\1.3.1\xstream-1.3.1.jar;C:\Users\thaivm\.m2\repository\org\tuckey\urlrewritefilter\4.0.3\urlrewritefilter-4.0.3.jar;C:\Users\thaivm\.m2\repository\jtidy\jtidy\r8-20050104\jtidy-r8-20050104.jar;C:\Users\thaivm\.m2\repository\org\jsoup\jsoup\1.3.3\jsoup-1.3.3.jar;C:\Users\thaivm\.m2\repository\com\atlassian\modzdetector\modz-detector\0.12\modz-detector-0.12.jar;C:\Users\thaivm\.m2\repository\commons-jrcs\commons-jrcs\diff-0.1.7\commons-jrcs-diff-0.1.7.jar;C:\Users\thaivm\.m2\repository\com\atlassian\applinks\applinks-spi\3.10.4\applinks-spi-3.10.4.jar;C:\Users\thaivm\.m2\repository\com\atlassian\applinks\applinks-host\3.10.4\applinks-host-3.10.4.jar;C:\Users\thaivm\.m2\repository\rhino\js\1.7R2\js-1.7R2.jar;C:\Users\thaivm\.m2\repository\junit\junit\4.6\junit-4.6.jar;C:\Users\thaivm\.m2\repository\com\atlassian\jira\jira-func-tests\5.2.11\jira-func-tests-5.2.11.jar;C:\Users\thaivm\.m2\repository\com\atlassian\plugins\rest\atlassian-rest-common\1.0.2\atlassian-rest-common-1.0.2.jar;C:\Users\thaivm\.m2\repository\javax\ws\rs\jsr311-api\1.1\jsr311-api-1.1.jar;C:\Users\thaivm\.m2\repository\com\sun\jersey\jersey-core\1.8-atlassian-6\jersey-core-1.8-atlassian-6.jar;C:\Users\thaivm\.m2\repository\com\sun\jersey\jersey-server\1.0.3\jersey-server-1.0.3.jar;C:\Users\thaivm\.m2\repository\com\sun\jersey\jersey-json\1.0.3\jersey-json-1.0.3.jar;C:\Users\thaivm\.m2\repository\org\codehaus\jackson\jackson-jaxrs\1.9.1\jackson-jaxrs-1.9.1.jar;C:\Users\thaivm\.m2\repository\org\codehaus\jackson\jackson-xc\1.9.1\jackson-xc-1.9.1.jar;C:\Users\thaivm\.m2\repository\javax\xml\bind\jaxb-api\2.1\jaxb-api-2.1.jar;C:\Users\thaivm\.m2\repository\javax\xml\stream\stax-api\1.0-2\stax-api-1.0-2.jar;C:\Users\thaivm\.m2\repository\com\atlassian\jira\jira-rest-api\5.2.11\jira-rest-api-5.2.11.jar;C:\Users\thaivm\.m2\repository\junit\junit-dep\4.10\junit-dep-4.10.jar;C:\Users\thaivm\.m2\repository\org\hamcrest\hamcrest-core\1.2\hamcrest-core-1.2.jar;C:\Users\thaivm\.m2\repository\com\atlassian\jira\tests\jira-testkit-client\5.2-m19\jira-testkit-client-5.2-m19.jar;C:\Users\thaivm\.m2\repository\com\atlassian\jira\tests\jira-testkit-common\5.2-m19\jira-testkit-common-5.2-m19.jar;C:\Users\thaivm\.m2\repository\org\hamcrest\hamcrest-library\1.2\hamcrest-library-1.2.jar;C:\Users\thaivm\.m2\repository\com\sun\jersey\jersey-client\1.8-atlassian-6\jersey-client-1.8-atlassian-6.jar;C:\Users\thaivm\.m2\repository\com\sun\jersey\contribs\jersey-apache-client\1.9.1\jersey-apache-client-1.9.1.jar;C:\Users\thaivm\.m2\repository\com\atlassian\crowd\crowd-acceptance-test\2.4.9\crowd-acceptance-test-2.4.9.jar;C:\Users\thaivm\.m2\repository\net\sourceforge\jwebunit\jwebunit-core\2.5\jwebunit-core-2.5.jar;C:\Users\thaivm\.m2\repository\regexp\regexp\1.3\regexp-1.3.jar;C:\Users\thaivm\.m2\repository\net\sourceforge\jwebunit\jwebunit-htmlunit-plugin\2.2\jwebunit-htmlunit-plugin-2.2.jar;C:\Users\thaivm\.m2\repository\net\sourceforge\htmlunit\htmlunit\2.5\htmlunit-2.5.jar;C:\Users\thaivm\.m2\repository\net\sourceforge\htmlunit\htmlunit-core-js\2.5\htmlunit-core-js-2.5.jar;C:\Users\thaivm\.m2\repository\net\sourceforge\nekohtml\nekohtml\1.9.12\nekohtml-1.9.12.jar;C:\Users\thaivm\.m2\repository\net\sourceforge\cssparser\cssparser\0.9.5\cssparser-0.9.5.jar;C:\Users\thaivm\.m2\repository\org\w3c\css\sac\1.3\sac-1.3.jar;C:\Users\thaivm\.m2\repository\jmock\jmock\1.2.0\jmock-1.2.0.jar;C:\Users\thaivm\.m2\repository\org\springframework\spring-test\2.5.6.SEC02\spring-test-2.5.6.SEC02.jar;C:\Users\thaivm\.m2\repository\javax\transaction\jta\1.1\jta-1.1.jar;C:\Users\thaivm\.m2\repository\org\dbunit\dbunit\2.4.8\dbunit-2.4.8.jar;C:\Users\thaivm\.m2\repository\xmlunit\xmlunit\1.0\xmlunit-1.0.jar;C:\Users\thaivm\.m2\repository\com\icegreen\greenmail\1.3\greenmail-1.3.jar;C:\Users\thaivm\.m2\repository\org\slf4j\slf4j-simple\1.5.8\slf4j-simple-1.5.8.jar;C:\Users\thaivm\.m2\repository\exml\exml\7.1\exml-7.1.jar;C:\Users\thaivm\.m2\repository\net\sourceforge\jwebunit\jwebunit\1.2-atlassian-3\jwebunit-1.2-atlassian-3.jar;C:\Users\thaivm\.m2\repository\com\meteware\httpunit\httpunit\1.5.4-atlassian-13\httpunit-1.5.4-atlassian-13.jar;C:\Users\thaivm\.m2\repository\nekohtml\nekohtml\1.9.14\nekohtml-1.9.14.jar;C:\Users\thaivm\.m2\repository\org\mockito\mockito-core\1.9.0\mockito-core-1.9.0.jar;C:\Users\thaivm\.m2\repository\org\objenesis\objenesis\1.0\objenesis-1.0.jar;C:\Users\thaivm\.m2\repository\org\mortbay\jetty\jetty\6.0.2\jetty-6.0.2.jar;C:\Users\thaivm\.m2\repository\org\mortbay\jetty\jetty-util\6.0.2\jetty-util-6.0.2.jar;C:\Users\thaivm\.m2\repository\org\mortbay\jetty\servlet-api-2.5\6.0.2\servlet-api-2.5-6.0.2.jar;C:\Users\thaivm\.m2\repository\com\atlassian\cargo-test-runner\cargo-test-runner\2.5\cargo-test-runner-2.5.jar;C:\Users\thaivm\.m2\repository\org\codehaus\cargo\cargo-core-uberjar\1.1.2\cargo-core-uberjar-1.1.2.jar;C:\Users\thaivm\.m2\repository\com\sun\xml\bind\jaxb-impl\2.1.13\jaxb-impl-2.1.13.jar;C:\Users\thaivm\.m2\repository\org\apache\ant\ant\1.7.1\ant-1.7.1.jar;C:\Users\thaivm\.m2\repository\org\apache\ant\ant-launcher\1.7.1\ant-launcher-1.7.1.jar;C:\Users\thaivm\.m2\repository\ant\ant\1.5.4\ant-1.5.4.jar;C:\Users\thaivm\.m2\repository\org\easymock\easymock\2.5.2\easymock-2.5.2.jar;C:\Users\thaivm\.m2\repository\org\easymock\easymockclassextension\2.5.2\easymockclassextension-2.5.2.jar;C:\Users\thaivm\.m2\repository\com\atlassian\crowd\crowd-rest-test\2.4.9\crowd-rest-test-2.4.9.jar;C:\Users\thaivm\.m2\repository\com\atlassian\crowd\crowd-rest-test-api\2.4.9\crowd-rest-test-api-2.4.9.jar;C:\Users\thaivm\.m2\repository\com\atlassian\crowd\crowd-rest-common\2.4.9\crowd-rest-common-2.4.9.jar;C:\Users\thaivm\.m2\repository\com\google\collections\google-collections\1.0\google-collections-1.0.jar;C:\Users\thaivm\.m2\repository\com\atlassian\crowd\crowd-rest-plugin\2.4.9\crowd-rest-plugin-2.4.9.jar;C:\Users\thaivm\.m2\repository\com\megginson\sax\xml-writer\0.2\xml-writer-0.2.jar;C:\Users\thaivm\.m2\repository\com\atlassian\crowd\crowd-rest-application-management\2.4.9\crowd-rest-application-management-2.4.9.jar;C:\Users\thaivm\.m2\repository\com\atlassian\buildeng\hallelujah\api\3.1-alpha-4\api-3.1-alpha-4.jar;C:\Users\thaivm\.m2\repository\asm\asm\3.1\asm-3.1.jar;C:\Users\thaivm\.m2\repository\org\codehaus\jettison\jettison\1.0.1\jettison-1.0.1.jar;C:\Users\thaivm\.m2\repository\org\codehaus\jackson\jackson-asl\0.9.4\jackson-asl-0.9.4.jar;C:\Users\thaivm\.m2\repository\com\atlassian\jira\jira-rest-plugin\5.2.11\jira-rest-plugin-5.2.11.jar;"/>
    <property name="java.specification.name" value="Java Platform API Specification"/>
    <property name="java.class.version" value="50.0"/>
    <property name="sun.management.compiler" value="HotSpot Client Compiler"/>
    <property name="os.version" value="6.1"/>
    <property name="user.home" value="C:\Users\thaivm"/>
    <property name="user.timezone" value=""/>
    <property name="java.awt.printerjob" value="sun.awt.windows.WPrinterJob"/>
    <property name="java.specification.version" value="1.6"/>
    <property name="file.encoding" value="Cp1252"/>
    <property name="user.name" value="thaivm"/>
    <property name="java.class.path" value="D:\Plugin Jira Fsoft\Planned time FSOFT\target\test-classes;D:\Plugin Jira Fsoft\Planned time FSOFT\target\classes;C:\Users\thaivm\.m2\repository\com\atlassian\gadgets\atlassian-gadgets-api\1.1.5.rc1\atlassian-gadgets-api-1.1.5.rc1.jar;C:\Users\thaivm\.m2\repository\net\sourceforge\findbugs\jsr305\1.3.2\jsr305-1.3.2.jar;C:\Users\thaivm\.m2\repository\net\jcip\jcip-annotations\1.0\jcip-annotations-1.0.jar;C:\Users\thaivm\.m2\repository\com\atlassian\gadgets\atlassian-gadgets-spi\1.1.5.rc1\atlassian-gadgets-spi-1.1.5.rc1.jar;C:\Users\thaivm\.m2\repository\com\atlassian\jira\atlassian-jira\5.2.11\atlassian-jira-5.2.11.jar;C:\Users\thaivm\.m2\repository\com\atlassian\annotations\atlassian-annotations\0.7\atlassian-annotations-0.7.jar;C:\Users\thaivm\.m2\repository\com\atlassian\ofbiz\entityengine-share\1.0.33\entityengine-share-1.0.33.jar;C:\Users\thaivm\.m2\repository\log4j\log4j\1.2.16\log4j-1.2.16.jar;C:\Users\thaivm\.m2\repository\javax\mail\mail\1.4.5\mail-1.4.5.jar;C:\Users\thaivm\.m2\repository\javax\activation\activation\1.1.1\activation-1.1.1.jar;C:\Users\thaivm\.m2\repository\xerces\xercesImpl\2.9.1\xercesImpl-2.9.1.jar;C:\Users\thaivm\.m2\repository\xml-apis\xml-apis\1.3.04\xml-apis-1.3.04.jar;C:\Users\thaivm\.m2\repository\com\atlassian\ofbiz\entityengine\1.0.33\entityengine-1.0.33.jar;C:\Users\thaivm\.m2\repository\jta\jta\1.0.1\jta-1.0.1.jar;C:\Users\thaivm\.m2\repository\commons-collections\commons-collections\3.2.1\commons-collections-3.2.1.jar;C:\Users\thaivm\.m2\repository\com\atlassian\util\concurrent\atlassian-util-concurrent\2.3.0\atlassian-util-concurrent-2.3.0.jar;C:\Users\thaivm\.m2\repository\org\weakref\jmxutils\1.8\jmxutils-1.8.jar;C:\Users\thaivm\.m2\repository\net\ju-n\commons-dbcp-jmx\commons-dbcp-jmx-jdbc4\0.2\commons-dbcp-jmx-jdbc4-0.2.jar;C:\Users\thaivm\.m2\repository\commons-dbcp\commons-dbcp\1.4\commons-dbcp-1.4.jar;C:\Users\thaivm\.m2\repository\commons-pool\commons-pool\1.5.4\commons-pool-1.5.4.jar;C:\Users\thaivm\.m2\repository\com\google\guava\guava\10.0.1\guava-10.0.1.jar;C:\Users\thaivm\.m2\repository\opensymphony\webwork\1.4-atlassian-22\webwork-1.4-atlassian-22.jar;C:\Users\thaivm\.m2\repository\webwork\pell-multipart-request\1.31.0\pell-multipart-request-1.31.0.jar;C:\Users\thaivm\.m2\repository\org\apache\lucene\lucene-core\3.2.0\lucene-core-3.2.0.jar;C:\Users\thaivm\.m2\repository\com\atlassian\core\atlassian-core\4.6.2\atlassian-core-4.6.2.jar;C:\Users\thaivm\.m2\repository\commons-lang\commons-lang\2.5\commons-lang-2.5.jar;C:\Users\thaivm\.m2\repository\opensymphony\propertyset\1.5\propertyset-1.5.jar;C:\Users\thaivm\.m2\repository\dom4j\dom4j\1.4\dom4j-1.4.jar;C:\Users\thaivm\.m2\repository\jaxen\jaxen\1.1.4\jaxen-1.1.4.jar;C:\Users\thaivm\.m2\repository\saxpath\saxpath\1.0-FCS\saxpath-1.0-FCS.jar;C:\Users\thaivm\.m2\repository\msv\msv\20020414\msv-20020414.jar;C:\Users\thaivm\.m2\repository\relaxngDatatype\relaxngDatatype\20020414\relaxngDatatype-20020414.jar;C:\Users\thaivm\.m2\repository\isorelax\isorelax\20020414\isorelax-20020414.jar;C:\Users\thaivm\.m2\repository\com\atlassian\image\atlassian-image-consumer\1.0.1\atlassian-image-consumer-1.0.1.jar;C:\Users\thaivm\.m2\repository\mockobjects\alt-jdk1.3\0.07\alt-jdk1.3-0.07.jar;C:\Users\thaivm\.m2\repository\com\atlassian\extras\atlassian-extras\2.2.2\atlassian-extras-2.2.2.jar;C:\Users\thaivm\.m2\repository\commons-codec\commons-codec\1.4\commons-codec-1.4.jar;C:\Users\thaivm\.m2\repository\com\atlassian\velocity\atlassian-velocity\1.2\atlassian-velocity-1.2.jar;C:\Users\thaivm\.m2\repository\opensymphony\oscore\2.2.7-atlassian-1\oscore-2.2.7-atlassian-1.jar;C:\Users\thaivm\.m2\repository\org\apache\velocity\velocity\1.6.4-atlassian-4\velocity-1.6.4-atlassian-4.jar;C:\Users\thaivm\.m2\repository\oro\oro\2.0.7\oro-2.0.7.jar;C:\Users\thaivm\.m2\repository\osworkflow\osworkflow\2.8.1\osworkflow-2.8.1.jar;C:\Users\thaivm\.m2\repository\com\atlassian\crowd\embedded-crowd-api\2.4.9\embedded-crowd-api-2.4.9.jar;C:\Users\thaivm\.m2\repository\com\atlassian\fugue\fugue\1.1\fugue-1.1.jar;C:\Users\thaivm\.m2\repository\org\codehaus\jackson\jackson-core-asl\1.9.1\jackson-core-asl-1.9.1.jar;C:\Users\thaivm\.m2\repository\org\codehaus\jackson\jackson-mapper-asl\1.9.1\jackson-mapper-asl-1.9.1.jar;C:\Users\thaivm\.m2\repository\com\atlassian\mail\atlassian-mail\2.5.0-m6\atlassian-mail-2.5.0-m6.jar;C:\Users\thaivm\.m2\repository\commons-beanutils\commons-beanutils\1.6.1\commons-beanutils-1.6.1.jar;C:\Users\thaivm\.m2\repository\commons-digester\commons-digester\1.4.1\commons-digester-1.4.1.jar;C:\Users\thaivm\.m2\repository\commons-io\commons-io\1.4\commons-io-1.4.jar;C:\Users\thaivm\.m2\repository\atlassian-bandana\atlassian-bandana\0.1.13\atlassian-bandana-0.1.13.jar;C:\Users\thaivm\.m2\repository\com\atlassian\applinks\applinks-api\3.10.4\applinks-api-3.10.4.jar;C:\Users\thaivm\.m2\repository\com\atlassian\plugins\atlassian-plugins-webfragment\2.13.4\atlassian-plugins-webfragment-2.13.4.jar;C:\Users\thaivm\.m2\repository\com\atlassian\plugins\atlassian-plugins-core\2.13.4\atlassian-plugins-core-2.13.4.jar;C:\Users\thaivm\.m2\repository\org\slf4j\slf4j-api\1.6.4\slf4j-api-1.6.4.jar;C:\Users\thaivm\.m2\repository\com\atlassian\event\atlassian-event\2.3.0\atlassian-event-2.3.0.jar;C:\Users\thaivm\.m2\repository\jfree\jfreechart\1.0.13\jfreechart-1.0.13.jar;C:\Users\thaivm\.m2\repository\com\atlassian\plugins\atlassian-plugins-webresource\2.13.4\atlassian-plugins-webresource-2.13.4.jar;C:\Users\thaivm\.m2\repository\jfree\jcommon\1.0.8\jcommon-1.0.8.jar;C:\Users\thaivm\.m2\repository\com\atlassian\sal\sal-api\2.1.beta4\sal-api-2.1.beta4.jar;C:\Users\thaivm\.m2\repository\com\atlassian\johnson\atlassian-johnson\1.1.2\atlassian-johnson-1.1.2.jar;C:\Users\thaivm\.m2\repository\joda-time\joda-time\2.0\joda-time-2.0.jar;C:\Users\thaivm\.m2\repository\commons-httpclient\commons-httpclient\3.0.1\commons-httpclient-3.0.1.jar;C:\Users\thaivm\.m2\repository\quartz\quartz\1.5.1\quartz-1.5.1.jar;C:\Users\thaivm\.m2\repository\com\atlassian\profiling\atlassian-profiling\1.9\atlassian-profiling-1.9.jar;C:\Users\thaivm\.m2\repository\com\atlassian\analytics\analytics-api\2.12\analytics-api-2.12.jar;C:\Users\thaivm\.m2\repository\com\atlassian\multitenant\multitenant-core\1.0.3\multitenant-core-1.0.3.jar;C:\Users\thaivm\.m2\repository\cglib\cglib-nodep\2.1_3\cglib-nodep-2.1_3.jar;C:\Users\thaivm\.m2\repository\com\atlassian\multitenant\multitenant-utils\1.0.3\multitenant-utils-1.0.3.jar;C:\Users\thaivm\.m2\repository\com\atlassian\crowd\embedded-crowd-core\2.4.9\embedded-crowd-core-2.4.9.jar;C:\Users\thaivm\.m2\repository\com\atlassian\crowd\embedded-crowd-spi\2.4.9\embedded-crowd-spi-2.4.9.jar;C:\Users\thaivm\.m2\repository\com\atlassian\crowd\crowd-api\2.4.9\crowd-api-2.4.9.jar;C:\Users\thaivm\.m2\repository\com\atlassian\crowd\crowd-integration-api\2.4.9\crowd-integration-api-2.4.9.jar;C:\Users\thaivm\.m2\repository\com\atlassian\ip\atlassian-ip\3.0\atlassian-ip-3.0.jar;C:\Users\thaivm\.m2\repository\com\atlassian\spring\atlassian-spring\2.0-rc6\atlassian-spring-2.0-rc6.jar;C:\Users\thaivm\.m2\repository\org\springframework\spring-jdbc\2.5.6.SEC02\spring-jdbc-2.5.6.SEC02.jar;C:\Users\thaivm\.m2\repository\commons-logging\commons-logging\1.1.1\commons-logging-1.1.1.jar;C:\Users\thaivm\.m2\repository\org\springframework\spring-beans\2.5.6.SEC01\spring-beans-2.5.6.SEC01.jar;C:\Users\thaivm\.m2\repository\org\springframework\spring-core\2.5.6.SEC01\spring-core-2.5.6.SEC01.jar;C:\Users\thaivm\.m2\repository\org\springframework\spring-context\2.5.6.SEC02\spring-context-2.5.6.SEC02.jar;C:\Users\thaivm\.m2\repository\aopalliance\aopalliance\1.0\aopalliance-1.0.jar;C:\Users\thaivm\.m2\repository\org\springframework\spring-web\2.0.6\spring-web-2.0.6.jar;C:\Users\thaivm\.m2\repository\com\atlassian\crowd\crowd-core\2.4.9\crowd-core-2.4.9.jar;C:\Users\thaivm\.m2\repository\com\atlassian\crowd\crowd-ldap\2.4.9\crowd-ldap-2.4.9.jar;C:\Users\thaivm\.m2\repository\com\atlassian\crowd\crowd-password-encoders\2.4.9\crowd-password-encoders-2.4.9.jar;C:\Users\thaivm\.m2\repository\com\atlassian\security\atlassian-password-encoder\3.1.4\atlassian-password-encoder-3.1.4.jar;C:\Users\thaivm\.m2\repository\org\springframework\security\spring-security-core\2.0.4\spring-security-core-2.0.4.jar;C:\Users\thaivm\.m2\repository\org\springframework\spring-aop\2.0.8\spring-aop-2.0.8.jar;C:\Users\thaivm\.m2\repository\org\springframework\spring-tx\2.5.6.SEC01\spring-tx-2.5.6.SEC01.jar;C:\Users\thaivm\.m2\repository\com\atlassian\crowd\crowd-events\2.4.9\crowd-events-2.4.9.jar;C:\Users\thaivm\.m2\repository\com\atlassian\crowd\crowd-persistence\2.4.9\crowd-persistence-2.4.9.jar;C:\Users\thaivm\.m2\repository\com\atlassian\crowd\crowd-remote\2.4.9\crowd-remote-2.4.9.jar;C:\Users\thaivm\.m2\repository\com\atlassian\crowd\crowd-integration-client-rest\2.4.9\crowd-integration-client-rest-2.4.9.jar;C:\Users\thaivm\.m2\repository\com\atlassian\crowd\crowd-integration-client-common\2.4.9\crowd-integration-client-common-2.4.9.jar;C:\Users\thaivm\.m2\repository\com\atlassian\security\atlassian-cookie-tools\3.1.4\atlassian-cookie-tools-3.1.4.jar;C:\Users\thaivm\.m2\repository\org\springframework\ldap\spring-ldap-core\1.3.0.RELEASE\spring-ldap-core-1.3.0.RELEASE.jar;C:\Users\thaivm\.m2\repository\org\springframework\spring-context-support\2.5.6.SEC02\spring-context-support-2.5.6.SEC02.jar;C:\Users\thaivm\.m2\repository\net\sf\ehcache\ehcache\1.2.3\ehcache-1.2.3.jar;C:\Users\thaivm\.m2\repository\com\atlassian\security\atlassian-secure-random\3.1.4\atlassian-secure-random-3.1.4.jar;C:\Users\thaivm\.m2\repository\javax\servlet\servlet-api\2.3\servlet-api-2.3.jar;C:\Users\thaivm\.m2\repository\com\atlassian\crowd\crowd-server-common\2.4.9\crowd-server-common-2.4.9.jar;C:\Users\thaivm\.m2\repository\org\antlr\antlr-runtime\3.1.3\antlr-runtime-3.1.3.jar;C:\Users\thaivm\.m2\repository\antlr\antlr\2.7.2\antlr-2.7.2.jar;C:\Users\thaivm\.m2\repository\com\atlassian\crowd\crowd-integration-seraph25\2.4.9\crowd-integration-seraph25-2.4.9.jar;C:\Users\thaivm\.m2\repository\wsdl4j\wsdl4j\1.6.1\wsdl4j-1.6.1.jar;C:\Users\thaivm\.m2\repository\org\codehaus\xfire\xfire-core\1.2.6\xfire-core-1.2.6.jar;C:\Users\thaivm\.m2\repository\org\codehaus\woodstox\wstx-asl\3.2.4\wstx-asl-3.2.4.jar;C:\Users\thaivm\.m2\repository\jdom\jdom\1.0\jdom-1.0.jar;C:\Users\thaivm\.m2\repository\org\codehaus\xfire\xfire-aegis\1.2.6\xfire-aegis-1.2.6.jar;C:\Users\thaivm\.m2\repository\com\atlassian\soy\soy-template-renderer-api\1.1.3\soy-template-renderer-api-1.1.3.jar;C:\Users\thaivm\.m2\repository\com\atlassian\sal\sal-spi\2.8.0-m2\sal-spi-2.8.0-m2.jar;C:\Users\thaivm\.m2\repository\com\atlassian\aui\auiplugin-spi\5.0-m10\auiplugin-spi-5.0-m10.jar;C:\Users\thaivm\.m2\repository\com\atlassian\oauth\atlassian-oauth-api\1.6.1\atlassian-oauth-api-1.6.1.jar;C:\Users\thaivm\.m2\repository\com\atlassian\p4package\atlassian-p4package\2007.12.14\atlassian-p4package-2007.12.14.jar;C:\Users\thaivm\.m2\repository\com\atlassian\cache\atlassian-cache-api\1.0\atlassian-cache-api-1.0.jar;C:\Users\thaivm\.m2\repository\com\atlassian\cache\atlassian-cache-memory\1.0\atlassian-cache-memory-1.0.jar;C:\Users\thaivm\.m2\repository\com\atlassian\config\atlassian-config\0.15\atlassian-config-0.15.jar;C:\Users\thaivm\.m2\repository\com\sun\jai_core\1.1.3\jai_core-1.1.3.jar;C:\Users\thaivm\.m2\repository\com\sun\jai_codec\1.1.3\jai_codec-1.1.3.jar;C:\Users\thaivm\.m2\repository\com\atlassian\activeobjects\activeobjects-spi\0.19.16\activeobjects-spi-0.19.16.jar;C:\Users\thaivm\.m2\repository\com\atlassian\instrumentation\atlassian-instrumentation-core\1.7.1\atlassian-instrumentation-core-1.7.1.jar;C:\Users\thaivm\.m2\repository\org\slf4j\slf4j-log4j12\1.6.4\slf4j-log4j12-1.6.4.jar;C:\Users\thaivm\.m2\repository\org\slf4j\jul-to-slf4j\1.6.4\jul-to-slf4j-1.6.4.jar;C:\Users\thaivm\.m2\repository\org\slf4j\jcl-over-slf4j\1.6.4\jcl-over-slf4j-1.6.4.jar;C:\Users\thaivm\.m2\repository\atlassian-logging\atlassian-logging\1.1\atlassian-logging-1.1.jar;C:\Users\thaivm\.m2\repository\com\atlassian\jdk\utilities\atlassian-jdk-utilities\0.4\atlassian-jdk-utilities-0.4.jar;C:\Users\thaivm\.m2\repository\com\atlassian\scheduler\atlassian-scheduler\0.14\atlassian-scheduler-0.14.jar;C:\Users\thaivm\.m2\repository\com\atlassian\plugins\atlassian-plugins-servlet\2.13.4\atlassian-plugins-servlet-2.13.4.jar;C:\Users\thaivm\.m2\repository\com\atlassian\plugins\atlassian-plugins-osgi\2.13.4\atlassian-plugins-osgi-2.13.4.jar;C:\Users\thaivm\.m2\repository\com\atlassian\plugins\atlassian-plugins-osgi-events\2.13.4\atlassian-plugins-osgi-events-2.13.4.jar;C:\Users\thaivm\.m2\repository\biz\aQute\bndlib\1.43.0-atlassian-1\bndlib-1.43.0-atlassian-1.jar;C:\Users\thaivm\.m2\repository\org\apache\felix\org.apache.felix.framework\3.0.2\org.apache.felix.framework-3.0.2.jar;C:\Users\thaivm\.m2\repository\org\twdata\pkgscanner\package-scanner\0.9.5\package-scanner-0.9.5.jar;C:\Users\thaivm\.m2\repository\com\atlassian\plugins\atlassian-plugins-eventlistener\2.13.4\atlassian-plugins-eventlistener-2.13.4.jar;C:\Users\thaivm\.m2\repository\com\atlassian\seraph\atlassian-seraph\2.6.0\atlassian-seraph-2.6.0.jar;C:\Users\thaivm\.m2\repository\com\atlassian\security\auth\trustedapps\atlassian-trusted-apps-core\2.5.2\atlassian-trusted-apps-core-2.5.2.jar;C:\Users\thaivm\.m2\repository\bouncycastle\bcprov-jdk14\138\bcprov-jdk14-138.jar;C:\Users\thaivm\.m2\repository\com\atlassian\security\auth\trustedapps\atlassian-trusted-apps-seraph-integration\2.5.2\atlassian-trusted-apps-seraph-integration-2.5.2.jar;C:\Users\thaivm\.m2\repository\bouncycastle\bcprov-jdk15\140\bcprov-jdk15-140.jar;C:\Users\thaivm\.m2\repository\com\atlassian\renderer\atlassian-renderer\8.0.1\atlassian-renderer-8.0.1.jar;C:\Users\thaivm\.m2\repository\radeox\radeox\1.0b2-forked-22Apr2004\radeox-1.0b2-forked-22Apr2004.jar;C:\Users\thaivm\.m2\repository\com\atlassian\gzipfilter\atlassian-gzipfilter\1.11\atlassian-gzipfilter-1.11.jar;C:\Users\thaivm\.m2\repository\opensymphony\sitemesh\2.5-atlassian-3\sitemesh-2.5-atlassian-3.jar;C:\Users\thaivm\.m2\repository\commons-configuration\commons-configuration\1.0\commons-configuration-1.0.jar;C:\Users\thaivm\.m2\repository\org\apache\lucene\lucene-analyzers\3.2.0\lucene-analyzers-3.2.0.jar;C:\Users\thaivm\.m2\repository\org\apache\velocity\velocity-tools\1.3\velocity-tools-1.3.jar;C:\Users\thaivm\.m2\repository\commons-validator\commons-validator\1.4.0\commons-validator-1.4.0.jar;C:\Users\thaivm\.m2\repository\sslext\sslext\1.2-0\sslext-1.2-0.jar;C:\Users\thaivm\.m2\repository\struts\struts\1.2.9\struts-1.2.9.jar;C:\Users\thaivm\.m2\repository\commons-fileupload\commons-fileupload\1.2.1\commons-fileupload-1.2.1.jar;C:\Users\thaivm\.m2\repository\xalan\xalan\2.7.0\xalan-2.7.0.jar;C:\Users\thaivm\.m2\repository\velocity\velocity\1.4\velocity-1.4.jar;C:\Users\thaivm\.m2\repository\velocity\velocity-dep\1.4\velocity-dep-1.4.jar;C:\Users\thaivm\.m2\repository\com\atlassian\velocity\htmlsafe\velocity-htmlsafe\1.1.1\velocity-htmlsafe-1.1.1.jar;C:\Users\thaivm\.m2\repository\org\apache\commons\commons-lang3\3.1\commons-lang3-3.1.jar;C:\Users\thaivm\.m2\repository\glue\glue\5.0b2\glue-5.0b2.jar;C:\Users\thaivm\.m2\repository\bsf\bsf\2.2\bsf-2.2.jar;C:\Users\thaivm\.m2\repository\bsh\bsh\1.2b7\bsh-1.2b7.jar;C:\Users\thaivm\.m2\repository\csv\csv\20\csv-20.jar;C:\Users\thaivm\.m2\repository\picocontainer\picocontainer\1.0\picocontainer-1.0.jar;C:\Users\thaivm\.m2\repository\jzlib\jzlib\1.0.5\jzlib-1.0.5.jar;C:\Users\thaivm\.m2\repository\jsch\jsch\0.1.23\jsch-0.1.23.jar;C:\Users\thaivm\.m2\repository\com\octo\captcha\jcaptcha\2.0-alpha-1\jcaptcha-2.0-alpha-1.jar;C:\Users\thaivm\.m2\repository\com\octo\captcha\jcaptcha-api\2.0-alpha-1\jcaptcha-api-2.0-alpha-1.jar;C:\Users\thaivm\.m2\repository\com\jhlabs\filters\2.0.235\filters-2.0.235.jar;C:\Users\thaivm\.m2\repository\javacvs\javacvs\2007-04-04-patched\javacvs-2007-04-04-patched.jar;C:\Users\thaivm\.m2\repository\statcvs\statcvs\20060222-patched\statcvs-20060222-patched.jar;C:\Users\thaivm\.m2\repository\hsqldb\hsqldb\1.8.0.5\hsqldb-1.8.0.5.jar;C:\Users\thaivm\.m2\repository\jndi\jndi\1.2.1\jndi-1.2.1.jar;C:\Users\thaivm\.m2\repository\ots-jts\ots-jts\1.0\ots-jts-1.0.jar;C:\Users\thaivm\.m2\repository\jotm\jotm\1.4.3\jotm-1.4.3.jar;C:\Users\thaivm\.m2\repository\jotm\jotm-jrmp_stubs\1.4.3\jotm-jrmp_stubs-1.4.3.jar;C:\Users\thaivm\.m2\repository\jotm\jotm-iiop_stubs\1.4.3\jotm-iiop_stubs-1.4.3.jar;C:\Users\thaivm\.m2\repository\jotm\jonas_timer\1.4.3\jonas_timer-1.4.3.jar;C:\Users\thaivm\.m2\repository\jotm\objectweb-datasource\1.4.3\objectweb-datasource-1.4.3.jar;C:\Users\thaivm\.m2\repository\carol\carol\1.5.2\carol-1.5.2.jar;C:\Users\thaivm\.m2\repository\carol\carol-properties\1.5.2\carol-properties-1.5.2.jar;C:\Users\thaivm\.m2\repository\xapool\xapool\1.3.1\xapool-1.3.1.jar;C:\Users\thaivm\.m2\repository\commons-jelly\commons-jelly\1.0\commons-jelly-1.0.jar;C:\Users\thaivm\.m2\repository\commons-jelly\commons-jelly-tags-junit\1.0\commons-jelly-tags-junit-1.0.jar;C:\Users\thaivm\.m2\repository\commons-jelly\commons-jelly-tags-util\1.1.1\commons-jelly-tags-util-1.1.1.jar;C:\Users\thaivm\.m2\repository\commons-jelly\commons-jelly-tags-email\1.0\commons-jelly-tags-email-1.0.jar;C:\Users\thaivm\.m2\repository\commons-jelly\commons-jelly-tags-log\1.0\commons-jelly-tags-log-1.0.jar;C:\Users\thaivm\.m2\repository\commons-jelly\commons-jelly-tags-http\1.0\commons-jelly-tags-http-1.0.jar;C:\Users\thaivm\.m2\repository\commons-jelly\commons-jelly-tags-soap\1.0\commons-jelly-tags-soap-1.0.jar;C:\Users\thaivm\.m2\repository\commons-jelly\commons-jelly-tags-sql\1.0\commons-jelly-tags-sql-1.0.jar;C:\Users\thaivm\.m2\repository\commons-jelly\commons-jelly-tags-regexp\1.0\commons-jelly-tags-regexp-1.0.jar;C:\Users\thaivm\.m2\repository\commons-jexl\commons-jexl\1.1\commons-jexl-1.1.jar;C:\Users\thaivm\.m2\repository\org\apache\commons\commons-compress\1.4\commons-compress-1.4.jar;C:\Users\thaivm\.m2\repository\org\tukaani\xz\1.0\xz-1.0.jar;C:\Users\thaivm\.m2\repository\xmlrpc\xmlrpc\2.0\xmlrpc-2.0.jar;C:\Users\thaivm\.m2\repository\axis\axis\1.3-atlassian-1\axis-1.3-atlassian-1.jar;C:\Users\thaivm\.m2\repository\axis\axis-jaxrpc\1.3\axis-jaxrpc-1.3.jar;C:\Users\thaivm\.m2\repository\axis\axis-saaj\1.3\axis-saaj-1.3.jar;C:\Users\thaivm\.m2\repository\commons-discovery\commons-discovery\0.2\commons-discovery-0.2.jar;C:\Users\thaivm\.m2\repository\xml-security\xmlsec\1.1.0\xmlsec-1.1.0.jar;C:\Users\thaivm\.m2\repository\com\atlassian\security\atlassian-secure-xml\3.0\atlassian-secure-xml-3.0.jar;C:\Users\thaivm\.m2\repository\datafile\datafile\1.3.3\datafile-1.3.3.jar;C:\Users\thaivm\.m2\repository\xpp3\xpp3\1.1.3.4-RC8\xpp3-1.1.3.4-RC8.jar;C:\Users\thaivm\.m2\repository\com\thoughtworks\xstream\xstream\1.3.1\xstream-1.3.1.jar;C:\Users\thaivm\.m2\repository\org\tuckey\urlrewritefilter\4.0.3\urlrewritefilter-4.0.3.jar;C:\Users\thaivm\.m2\repository\jtidy\jtidy\r8-20050104\jtidy-r8-20050104.jar;C:\Users\thaivm\.m2\repository\org\jsoup\jsoup\1.3.3\jsoup-1.3.3.jar;C:\Users\thaivm\.m2\repository\com\atlassian\modzdetector\modz-detector\0.12\modz-detector-0.12.jar;C:\Users\thaivm\.m2\repository\commons-jrcs\commons-jrcs\diff-0.1.7\commons-jrcs-diff-0.1.7.jar;C:\Users\thaivm\.m2\repository\com\atlassian\applinks\applinks-spi\3.10.4\applinks-spi-3.10.4.jar;C:\Users\thaivm\.m2\repository\com\atlassian\applinks\applinks-host\3.10.4\applinks-host-3.10.4.jar;C:\Users\thaivm\.m2\repository\rhino\js\1.7R2\js-1.7R2.jar;C:\Users\thaivm\.m2\repository\junit\junit\4.6\junit-4.6.jar;C:\Users\thaivm\.m2\repository\com\atlassian\jira\jira-func-tests\5.2.11\jira-func-tests-5.2.11.jar;C:\Users\thaivm\.m2\repository\com\atlassian\plugins\rest\atlassian-rest-common\1.0.2\atlassian-rest-common-1.0.2.jar;C:\Users\thaivm\.m2\repository\javax\ws\rs\jsr311-api\1.1\jsr311-api-1.1.jar;C:\Users\thaivm\.m2\repository\com\sun\jersey\jersey-core\1.8-atlassian-6\jersey-core-1.8-atlassian-6.jar;C:\Users\thaivm\.m2\repository\com\sun\jersey\jersey-server\1.0.3\jersey-server-1.0.3.jar;C:\Users\thaivm\.m2\repository\com\sun\jersey\jersey-json\1.0.3\jersey-json-1.0.3.jar;C:\Users\thaivm\.m2\repository\org\codehaus\jackson\jackson-jaxrs\1.9.1\jackson-jaxrs-1.9.1.jar;C:\Users\thaivm\.m2\repository\org\codehaus\jackson\jackson-xc\1.9.1\jackson-xc-1.9.1.jar;C:\Users\thaivm\.m2\repository\javax\xml\bind\jaxb-api\2.1\jaxb-api-2.1.jar;C:\Users\thaivm\.m2\repository\javax\xml\stream\stax-api\1.0-2\stax-api-1.0-2.jar;C:\Users\thaivm\.m2\repository\com\atlassian\jira\jira-rest-api\5.2.11\jira-rest-api-5.2.11.jar;C:\Users\thaivm\.m2\repository\junit\junit-dep\4.10\junit-dep-4.10.jar;C:\Users\thaivm\.m2\repository\org\hamcrest\hamcrest-core\1.2\hamcrest-core-1.2.jar;C:\Users\thaivm\.m2\repository\com\atlassian\jira\tests\jira-testkit-client\5.2-m19\jira-testkit-client-5.2-m19.jar;C:\Users\thaivm\.m2\repository\com\atlassian\jira\tests\jira-testkit-common\5.2-m19\jira-testkit-common-5.2-m19.jar;C:\Users\thaivm\.m2\repository\org\hamcrest\hamcrest-library\1.2\hamcrest-library-1.2.jar;C:\Users\thaivm\.m2\repository\com\sun\jersey\jersey-client\1.8-atlassian-6\jersey-client-1.8-atlassian-6.jar;C:\Users\thaivm\.m2\repository\com\sun\jersey\contribs\jersey-apache-client\1.9.1\jersey-apache-client-1.9.1.jar;C:\Users\thaivm\.m2\repository\com\atlassian\crowd\crowd-acceptance-test\2.4.9\crowd-acceptance-test-2.4.9.jar;C:\Users\thaivm\.m2\repository\net\sourceforge\jwebunit\jwebunit-core\2.5\jwebunit-core-2.5.jar;C:\Users\thaivm\.m2\repository\regexp\regexp\1.3\regexp-1.3.jar;C:\Users\thaivm\.m2\repository\net\sourceforge\jwebunit\jwebunit-htmlunit-plugin\2.2\jwebunit-htmlunit-plugin-2.2.jar;C:\Users\thaivm\.m2\repository\net\sourceforge\htmlunit\htmlunit\2.5\htmlunit-2.5.jar;C:\Users\thaivm\.m2\repository\net\sourceforge\htmlunit\htmlunit-core-js\2.5\htmlunit-core-js-2.5.jar;C:\Users\thaivm\.m2\repository\net\sourceforge\nekohtml\nekohtml\1.9.12\nekohtml-1.9.12.jar;C:\Users\thaivm\.m2\repository\net\sourceforge\cssparser\cssparser\0.9.5\cssparser-0.9.5.jar;C:\Users\thaivm\.m2\repository\org\w3c\css\sac\1.3\sac-1.3.jar;C:\Users\thaivm\.m2\repository\jmock\jmock\1.2.0\jmock-1.2.0.jar;C:\Users\thaivm\.m2\repository\org\springframework\spring-test\2.5.6.SEC02\spring-test-2.5.6.SEC02.jar;C:\Users\thaivm\.m2\repository\javax\transaction\jta\1.1\jta-1.1.jar;C:\Users\thaivm\.m2\repository\org\dbunit\dbunit\2.4.8\dbunit-2.4.8.jar;C:\Users\thaivm\.m2\repository\xmlunit\xmlunit\1.0\xmlunit-1.0.jar;C:\Users\thaivm\.m2\repository\com\icegreen\greenmail\1.3\greenmail-1.3.jar;C:\Users\thaivm\.m2\repository\org\slf4j\slf4j-simple\1.5.8\slf4j-simple-1.5.8.jar;C:\Users\thaivm\.m2\repository\exml\exml\7.1\exml-7.1.jar;C:\Users\thaivm\.m2\repository\net\sourceforge\jwebunit\jwebunit\1.2-atlassian-3\jwebunit-1.2-atlassian-3.jar;C:\Users\thaivm\.m2\repository\com\meteware\httpunit\httpunit\1.5.4-atlassian-13\httpunit-1.5.4-atlassian-13.jar;C:\Users\thaivm\.m2\repository\nekohtml\nekohtml\1.9.14\nekohtml-1.9.14.jar;C:\Users\thaivm\.m2\repository\org\mockito\mockito-core\1.9.0\mockito-core-1.9.0.jar;C:\Users\thaivm\.m2\repository\org\objenesis\objenesis\1.0\objenesis-1.0.jar;C:\Users\thaivm\.m2\repository\org\mortbay\jetty\jetty\6.0.2\jetty-6.0.2.jar;C:\Users\thaivm\.m2\repository\org\mortbay\jetty\jetty-util\6.0.2\jetty-util-6.0.2.jar;C:\Users\thaivm\.m2\repository\org\mortbay\jetty\servlet-api-2.5\6.0.2\servlet-api-2.5-6.0.2.jar;C:\Users\thaivm\.m2\repository\com\atlassian\cargo-test-runner\cargo-test-runner\2.5\cargo-test-runner-2.5.jar;C:\Users\thaivm\.m2\repository\org\codehaus\cargo\cargo-core-uberjar\1.1.2\cargo-core-uberjar-1.1.2.jar;C:\Users\thaivm\.m2\repository\com\sun\xml\bind\jaxb-impl\2.1.13\jaxb-impl-2.1.13.jar;C:\Users\thaivm\.m2\repository\org\apache\ant\ant\1.7.1\ant-1.7.1.jar;C:\Users\thaivm\.m2\repository\org\apache\ant\ant-launcher\1.7.1\ant-launcher-1.7.1.jar;C:\Users\thaivm\.m2\repository\ant\ant\1.5.4\ant-1.5.4.jar;C:\Users\thaivm\.m2\repository\org\easymock\easymock\2.5.2\easymock-2.5.2.jar;C:\Users\thaivm\.m2\repository\org\easymock\easymockclassextension\2.5.2\easymockclassextension-2.5.2.jar;C:\Users\thaivm\.m2\repository\com\atlassian\crowd\crowd-rest-test\2.4.9\crowd-rest-test-2.4.9.jar;C:\Users\thaivm\.m2\repository\com\atlassian\crowd\crowd-rest-test-api\2.4.9\crowd-rest-test-api-2.4.9.jar;C:\Users\thaivm\.m2\repository\com\atlassian\crowd\crowd-rest-common\2.4.9\crowd-rest-common-2.4.9.jar;C:\Users\thaivm\.m2\repository\com\google\collections\google-collections\1.0\google-collections-1.0.jar;C:\Users\thaivm\.m2\repository\com\atlassian\crowd\crowd-rest-plugin\2.4.9\crowd-rest-plugin-2.4.9.jar;C:\Users\thaivm\.m2\repository\com\megginson\sax\xml-writer\0.2\xml-writer-0.2.jar;C:\Users\thaivm\.m2\repository\com\atlassian\crowd\crowd-rest-application-management\2.4.9\crowd-rest-application-management-2.4.9.jar;C:\Users\thaivm\.m2\repository\com\atlassian\buildeng\hallelujah\api\3.1-alpha-4\api-3.1-alpha-4.jar;C:\Users\thaivm\.m2\repository\asm\asm\3.1\asm-3.1.jar;C:\Users\thaivm\.m2\repository\org\codehaus\jettison\jettison\1.0.1\jettison-1.0.1.jar;C:\Users\thaivm\.m2\repository\org\codehaus\jackson\jackson-asl\0.9.4\jackson-asl-0.9.4.jar;C:\Users\thaivm\.m2\repository\com\atlassian\jira\jira-rest-plugin\5.2.11\jira-rest-plugin-5.2.11.jar;"/>
    <property name="java.vm.specification.version" value="1.0"/>
    <property name="sun.arch.data.model" value="32"/>
    <property name="java.home" value="C:\Program Files\Java\jdk1.6.0_33\jre"/>
    <property name="sun.java.command" value="C:\Users\thaivm\AppData\Local\Temp\surefirebooter6712936398275031425.jar C:\Users\thaivm\AppData\Local\Temp\surefire1637405104307271732tmp C:\Users\thaivm\AppData\Local\Temp\surefire505800105378166883tmp"/>
    <property name="java.specification.vendor" value="Sun Microsystems Inc."/>
    <property name="user.language" value="en"/>
    <property name="awt.toolkit" value="sun.awt.windows.WToolkit"/>
    <property name="java.vm.info" value="mixed mode, sharing"/>
    <property name="java.version" value="1.6.0_33"/>
    <property name="java.ext.dirs" value="C:\Program Files\Java\jdk1.6.0_33\jre\lib\ext;C:\Windows\Sun\Java\lib\ext"/>
    <property name="sun.boot.class.path" value="C:\Program Files\Java\jdk1.6.0_33\jre\lib\resources.jar;C:\Program Files\Java\jdk1.6.0_33\jre\lib\rt.jar;C:\Program Files\Java\jdk1.6.0_33\jre\lib\sunrsasign.jar;C:\Program Files\Java\jdk1.6.0_33\jre\lib\jsse.jar;C:\Program Files\Java\jdk1.6.0_33\jre\lib\jce.jar;C:\Program Files\Java\jdk1.6.0_33\jre\lib\charsets.jar;C:\Program Files\Java\jdk1.6.0_33\jre\lib\modules\jdk.boot.jar;C:\Program Files\Java\jdk1.6.0_33\jre\classes"/>
    <property name="java.vendor" value="Sun Microsystems Inc."/>
    <property name="localRepository" value="C:\Users\thaivm\.m2\repository"/>
    <property name="file.separator" value="\"/>
    <property name="java.vendor.url.bug" value="http://java.sun.com/cgi-bin/bugreport.cgi"/>
    <property name="sun.cpu.endian" value="little"/>
    <property name="sun.io.unicode.encoding" value="UnicodeLittle"/>
    <property name="sun.desktop" value="windows"/>
    <property name="sun.cpu.isalist" value="pentium_pro+mmx pentium_pro pentium+mmx pentium i486 i386 i86"/>
  </properties>
  <testcase time="0.091" classname="com.atlassian.plugin.tutorial.AssignRoleTest" name="testSomething"/>
</testsuite>